# JRE version: Java(TM) SE Runtime Environment (8.0_231-b11) (build 1.8.0_231-b11)
# Java VM: Java HotSpot(TM) 64-Bit Server VM (25.231-b11 mixed mode windows-amd64 compressed oops)
Heap:
 PSYoungGen      total 122368K, used 100522K [0x000000076b600000, 0x0000000774000000, 0x00000007c0000000)
  eden space 104448K, 96% used [0x000000076b600000,0x0000000771878f48,0x0000000771c00000)
  from space 17920K, 0% used [0x0000000772e80000,0x0000000772e80000,0x0000000774000000)
  to   space 18432K, 0% used [0x0000000771c00000,0x0000000771c00000,0x0000000772e00000)
 ParOldGen       total 173568K, used 171311K [0x00000006c2200000, 0x00000006ccb80000, 0x000000076b600000)
  object space 173568K, 98% used [0x00000006c2200000,0x00000006cc94bd18,0x00000006ccb80000)
 Metaspace       used 11337K, capacity 11606K, committed 11776K, reserved 1058816K
  class space    used 1322K, capacity 1409K, committed 1536K, reserved 1048576K
GC Heap History (10 events):
Event: 3.492 GC heap before
{Heap before GC invocations=7 (full 0):
 PSYoungGen      total 75776K, used 75743K [0x000000076b600000, 0x0000000774a00000, 0x00000007c0000000)
  eden space 65024K, 100% used [0x000000076b600000,0x000000076f580000,0x000000076f580000)
  from space 10752K, 99% used [0x0000000770000000,0x0000000770a77d08,0x0000000770a80000)
  to   space 10752K, 0% used [0x000000076f580000,0x000000076f580000,0x0000000770000000)
 ParOldGen       total 173568K, used 54260K [0x00000006c2200000, 0x00000006ccb80000, 0x000000076b600000)
  object space 173568K, 31% used [0x00000006c2200000,0x00000006c56fd348,0x00000006ccb80000)
 Metaspace       used 11303K, capacity 11542K, committed 11776K, reserved 1058816K
  class space    used 1322K, capacity 1409K, committed 1536K, reserved 1048576K
Event: 3.500 GC heap after
Heap after GC invocations=7 (full 0):
 PSYoungGen      total 75776K, used 9933K [0x000000076b600000, 0x0000000774a00000, 0x00000007c0000000)
  eden space 65024K, 0% used [0x000000076b600000,0x000000076b600000,0x000000076f580000)
  from space 10752K, 92% used [0x000000076f580000,0x000000076ff336c8,0x0000000770000000)
  to   space 10752K, 0% used [0x0000000770000000,0x0000000770000000,0x0000000770a80000)
 ParOldGen       total 173568K, used 93869K [0x00000006c2200000, 0x00000006ccb80000, 0x000000076b600000)
  object space 173568K, 54% used [0x00000006c2200000,0x00000006c7dab488,0x00000006ccb80000)
 Metaspace       used 11303K, capacity 11542K, committed 11776K, reserved 1058816K
  class space    used 1322K, capacity 1409K, committed 1536K, reserved 1048576K
}
Event: 3.754 GC heap before
{Heap before GC invocations=8 (full 0):
 PSYoungGen      total 75776K, used 74957K [0x000000076b600000, 0x0000000774a00000, 0x00000007c0000000)
  eden space 65024K, 100% used [0x000000076b600000,0x000000076f580000,0x000000076f580000)
  from space 10752K, 92% used [0x000000076f580000,0x000000076ff336c8,0x0000000770000000)
  to   space 10752K, 0% used [0x0000000770000000,0x0000000770000000,0x0000000770a80000)
 ParOldGen       total 173568K, used 93869K [0x00000006c2200000, 0x00000006ccb80000, 0x000000076b600000)
  object space 173568K, 54% used [0x00000006c2200000,0x00000006c7dab488,0x00000006ccb80000)
 Metaspace       used 11310K, capacity 11542K, committed 11776K, reserved 1058816K
  class space    used 1322K, capacity 1409K, committed 1536K, reserved 1048576K
Event: 3.761 GC heap after
Heap after GC invocations=8 (full 0):
 PSYoungGen      total 75776K, used 10152K [0x000000076b600000, 0x0000000774a00000, 0x00000007c0000000)
  eden space 65024K, 0% used [0x000000076b600000,0x000000076b600000,0x000000076f580000)
  from space 10752K, 94% used [0x0000000770000000,0x00000007709ea268,0x0000000770a80000)
  to   space 10752K, 0% used [0x000000076f580000,0x000000076f580000,0x0000000770000000)
 ParOldGen       total 173568K, used 113319K [0x00000006c2200000, 0x00000006ccb80000, 0x000000076b600000)
  object space 173568K, 65% used [0x00000006c2200000,0x00000006c90a9e08,0x00000006ccb80000)
 Metaspace       used 11310K, capacity 11542K, committed 11776K, reserved 1058816K
  class space    used 1322K, capacity 1409K, committed 1536K, reserved 1048576K
}
Event: 3.984 GC heap before
{Heap before GC invocations=9 (full 0):
 PSYoungGen      total 75776K, used 71557K [0x000000076b600000, 0x0000000774a00000, 0x00000007c0000000)
  eden space 65024K, 94% used [0x000000076b600000,0x000000076f1f72a0,0x000000076f580000)
  from space 10752K, 94% used [0x0000000770000000,0x00000007709ea268,0x0000000770a80000)
  to   space 10752K, 0% used [0x000000076f580000,0x000000076f580000,0x0000000770000000)
 ParOldGen       total 173568K, used 113319K [0x00000006c2200000, 0x00000006ccb80000, 0x000000076b600000)
  object space 173568K, 65% used [0x00000006c2200000,0x00000006c90a9e08,0x00000006ccb80000)
 Metaspace       used 11311K, capacity 11542K, committed 11776K, reserved 1058816K
  class space    used 1322K, capacity 1409K, committed 1536K, reserved 1048576K
Event: 3.991 GC heap after
Heap after GC invocations=9 (full 0):
 PSYoungGen      total 75776K, used 10152K [0x000000076b600000, 0x0000000774100000, 0x00000007c0000000)
  eden space 65024K, 0% used [0x000000076b600000,0x000000076b600000,0x000000076f580000)
  from space 10752K, 94% used [0x000000076f580000,0x000000076ff6a268,0x0000000770000000)
  to   space 18944K, 0% used [0x0000000772e80000,0x0000000772e80000,0x0000000774100000)
 ParOldGen       total 173568K, used 132633K [0x00000006c2200000, 0x00000006ccb80000, 0x000000076b600000)
  object space 173568K, 76% used [0x00000006c2200000,0x00000006ca3866b0,0x00000006ccb80000)
 Metaspace       used 11311K, capacity 11542K, committed 11776K, reserved 1058816K
  class space    used 1322K, capacity 1409K, committed 1536K, reserved 1048576K
}
Event: 4.077 GC heap before
{Heap before GC invocations=10 (full 0):
 PSYoungGen      total 75776K, used 75176K [0x000000076b600000, 0x0000000774100000, 0x00000007c0000000)
  eden space 65024K, 100% used [0x000000076b600000,0x000000076f580000,0x000000076f580000)
  from space 10752K, 94% used [0x000000076f580000,0x000000076ff6a268,0x0000000770000000)
  to   space 18944K, 0% used [0x0000000772e80000,0x0000000772e80000,0x0000000774100000)
 ParOldGen       total 173568K, used 132633K [0x00000006c2200000, 0x00000006ccb80000, 0x000000076b600000)
  object space 173568K, 76% used [0x00000006c2200000,0x00000006ca3866b0,0x00000006ccb80000)
 Metaspace       used 11334K, capacity 11542K, committed 11776K, reserved 1058816K
  class space    used 1322K, capacity 1409K, committed 1536K, reserved 1048576K
Event: 4.090 GC heap after
Heap after GC invocations=10 (full 0):
 PSYoungGen      total 122368K, used 10097K [0x000000076b600000, 0x0000000774000000, 0x00000007c0000000)
  eden space 104448K, 0% used [0x000000076b600000,0x000000076b600000,0x0000000771c00000)
  from space 17920K, 56% used [0x0000000772e80000,0x000000077385c400,0x0000000774000000)
  to   space 18432K, 0% used [0x0000000771c00000,0x0000000771c00000,0x0000000772e00000)
 ParOldGen       total 173568K, used 161700K [0x00000006c2200000, 0x00000006ccb80000, 0x000000076b600000)
  object space 173568K, 93% used [0x00000006c2200000,0x00000006cbfe92f0,0x00000006ccb80000)
 Metaspace       used 11334K, capacity 11542K, committed 11776K, reserved 1058816K
  class space    used 1322K, capacity 1409K, committed 1536K, reserved 1048576K
}
Event: 4.090 GC heap before
{Heap before GC invocations=11 (full 1):
 PSYoungGen      total 122368K, used 10097K [0x000000076b600000, 0x0000000774000000, 0x00000007c0000000)
  eden space 104448K, 0% used [0x000000076b600000,0x000000076b600000,0x0000000771c00000)
  from space 17920K, 56% used [0x0000000772e80000,0x000000077385c400,0x0000000774000000)
  to   space 18432K, 0% used [0x0000000771c00000,0x0000000771c00000,0x0000000772e00000)
 ParOldGen       total 173568K, used 161700K [0x00000006c2200000, 0x00000006ccb80000, 0x000000076b600000)
  object space 173568K, 93% used [0x00000006c2200000,0x00000006cbfe92f0,0x00000006ccb80000)
 Metaspace       used 11334K, capacity 11542K, committed 11776K, reserved 1058816K
  class space    used 1322K, capacity 1409K, committed 1536K, reserved 1048576K
Event: 4.164 GC heap after
Heap after GC invocations=11 (full 1):
 PSYoungGen      total 122368K, used 0K [0x000000076b600000, 0x0000000774000000, 0x00000007c0000000)
  eden space 104448K, 0% used [0x000000076b600000,0x000000076b600000,0x0000000771c00000)
  from space 17920K, 0% used [0x0000000772e80000,0x0000000772e80000,0x0000000774000000)
  to   space 18432K, 0% used [0x0000000771c00000,0x0000000771c00000,0x0000000772e00000)
 ParOldGen       total 173568K, used 171311K [0x00000006c2200000, 0x00000006ccb80000, 0x000000076b600000)
  object space 173568K, 98% used [0x00000006c2200000,0x00000006cc94bd18,0x00000006ccb80000)
 Metaspace       used 11334K, capacity 11542K, committed 11776K, reserved 1058816K
  class space    used 1322K, capacity 1409K, committed 1536K, reserved 1048576K
}

