# JRE version: Java(TM) SE Runtime Environment (8.0_231-b11) (build 1.8.0_231-b11)
# Java VM: Java HotSpot(TM) 64-Bit Server VM (25.231-b11 mixed mode windows-amd64 compressed oops)
Heap:
 PSYoungGen      total 140800K, used 12612K [0x000000076b600000, 0x0000000774a00000, 0x00000007c0000000)
  eden space 130048K, 9% used [0x000000076b600000,0x000000076c251170,0x0000000773500000)
  from space 10752K, 0% used [0x0000000773f80000,0x0000000773f80000,0x0000000774a00000)
  to   space 10752K, 0% used [0x0000000773500000,0x0000000773500000,0x0000000773f80000)
 ParOldGen       total 173568K, used 74737K [0x00000006c2200000, 0x00000006ccb80000, 0x000000076b600000)
  object space 173568K, 43% used [0x00000006c2200000,0x00000006c6afc738,0x00000006ccb80000)
 Metaspace       used 11334K, capacity 11548K, committed 11776K, reserved 1058816K
  class space    used 1323K, capacity 1410K, committed 1536K, reserved 1048576K
GC Heap History (10 events):
Event: 2.746 GC heap before
{Heap before GC invocations=5 (full 0):
 PSYoungGen      total 140800K, used 137061K [0x000000076b600000, 0x0000000774a00000, 0x00000007c0000000)
  eden space 130048K, 100% used [0x000000076b600000,0x0000000773500000,0x0000000773500000)
  from space 10752K, 65% used [0x0000000773f80000,0x0000000774659770,0x0000000774a00000)
  to   space 10752K, 0% used [0x0000000773500000,0x0000000773500000,0x0000000773f80000)
 ParOldGen       total 173568K, used 38346K [0x00000006c2200000, 0x00000006ccb80000, 0x000000076b600000)
  object space 173568K, 22% used [0x00000006c2200000,0x00000006c47729a8,0x00000006ccb80000)
 Metaspace       used 11279K, capacity 11548K, committed 11776K, reserved 1058816K
  class space    used 1322K, capacity 1410K, committed 1536K, reserved 1048576K
Event: 2.760 GC heap after
Heap after GC invocations=5 (full 0):
 PSYoungGen      total 140800K, used 6992K [0x000000076b600000, 0x0000000774a00000, 0x00000007c0000000)
  eden space 130048K, 0% used [0x000000076b600000,0x000000076b600000,0x0000000773500000)
  from space 10752K, 65% used [0x0000000773500000,0x0000000773bd4290,0x0000000773f80000)
  to   space 10752K, 0% used [0x0000000773f80000,0x0000000773f80000,0x0000000774a00000)
 ParOldGen       total 173568K, used 96377K [0x00000006c2200000, 0x00000006ccb80000, 0x000000076b600000)
  object space 173568K, 55% used [0x00000006c2200000,0x00000006c801e720,0x00000006ccb80000)
 Metaspace       used 11279K, capacity 11548K, committed 11776K, reserved 1058816K
  class space    used 1322K, capacity 1410K, committed 1536K, reserved 1048576K
}
Event: 3.153 GC heap before
{Heap before GC invocations=6 (full 0):
 PSYoungGen      total 140800K, used 137040K [0x000000076b600000, 0x0000000774a00000, 0x00000007c0000000)
  eden space 130048K, 100% used [0x000000076b600000,0x0000000773500000,0x0000000773500000)
  from space 10752K, 65% used [0x0000000773500000,0x0000000773bd4290,0x0000000773f80000)
  to   space 10752K, 0% used [0x0000000773f80000,0x0000000773f80000,0x0000000774a00000)
 ParOldGen       total 173568K, used 96377K [0x00000006c2200000, 0x00000006ccb80000, 0x000000076b600000)
  object space 173568K, 55% used [0x00000006c2200000,0x00000006c801e720,0x00000006ccb80000)
 Metaspace       used 11300K, capacity 11548K, committed 11776K, reserved 1058816K
  class space    used 1322K, capacity 1410K, committed 1536K, reserved 1048576K
Event: 3.169 GC heap after
Heap after GC invocations=6 (full 0):
 PSYoungGen      total 140800K, used 6877K [0x000000076b600000, 0x0000000774a00000, 0x00000007c0000000)
  eden space 130048K, 0% used [0x000000076b600000,0x000000076b600000,0x0000000773500000)
  from space 10752K, 63% used [0x0000000773f80000,0x0000000774637760,0x0000000774a00000)
  to   space 10752K, 0% used [0x0000000773500000,0x0000000773500000,0x0000000773f80000)
 ParOldGen       total 173568K, used 154786K [0x00000006c2200000, 0x00000006ccb80000, 0x000000076b600000)
  object space 173568K, 89% used [0x00000006c2200000,0x00000006cb928a08,0x00000006ccb80000)
 Metaspace       used 11300K, capacity 11548K, committed 11776K, reserved 1058816K
  class space    used 1322K, capacity 1410K, committed 1536K, reserved 1048576K
}
Event: 3.169 GC heap before
{Heap before GC invocations=7 (full 1):
 PSYoungGen      total 140800K, used 6877K [0x000000076b600000, 0x0000000774a00000, 0x00000007c0000000)
  eden space 130048K, 0% used [0x000000076b600000,0x000000076b600000,0x0000000773500000)
  from space 10752K, 63% used [0x0000000773f80000,0x0000000774637760,0x0000000774a00000)
  to   space 10752K, 0% used [0x0000000773500000,0x0000000773500000,0x0000000773f80000)
 ParOldGen       total 173568K, used 154786K [0x00000006c2200000, 0x00000006ccb80000, 0x000000076b600000)
  object space 173568K, 89% used [0x00000006c2200000,0x00000006cb928a08,0x00000006ccb80000)
 Metaspace       used 11300K, capacity 11548K, committed 11776K, reserved 1058816K
  class space    used 1322K, capacity 1410K, committed 1536K, reserved 1048576K
Event: 3.201 GC heap after
Heap after GC invocations=7 (full 1):
 PSYoungGen      total 140800K, used 0K [0x000000076b600000, 0x0000000774a00000, 0x00000007c0000000)
  eden space 130048K, 0% used [0x000000076b600000,0x000000076b600000,0x0000000773500000)
  from space 10752K, 0% used [0x0000000773f80000,0x0000000773f80000,0x0000000774a00000)
  to   space 10752K, 0% used [0x0000000773500000,0x0000000773500000,0x0000000773f80000)
 ParOldGen       total 173568K, used 151827K [0x00000006c2200000, 0x00000006ccb80000, 0x000000076b600000)
  object space 173568K, 87% used [0x00000006c2200000,0x00000006cb644d48,0x00000006ccb80000)
 Metaspace       used 11300K, capacity 11548K, committed 11776K, reserved 1058816K
  class space    used 1322K, capacity 1410K, committed 1536K, reserved 1048576K
}
Event: 3.506 GC heap before
{Heap before GC invocations=8 (full 2):
 PSYoungGen      total 140800K, used 113344K [0x000000076b600000, 0x0000000774a00000, 0x00000007c0000000)
  eden space 130048K, 87% used [0x000000076b600000,0x00000007724b03d8,0x0000000773500000)
  from space 10752K, 0% used [0x0000000773f80000,0x0000000773f80000,0x0000000774a00000)
  to   space 10752K, 0% used [0x0000000773500000,0x0000000773500000,0x0000000773f80000)
 ParOldGen       total 173568K, used 151827K [0x00000006c2200000, 0x00000006ccb80000, 0x000000076b600000)
  object space 173568K, 87% used [0x00000006c2200000,0x00000006cb644d48,0x00000006ccb80000)
 Metaspace       used 11303K, capacity 11548K, committed 11776K, reserved 1058816K
  class space    used 1323K, capacity 1410K, committed 1536K, reserved 1048576K
Event: 3.548 GC heap after
Heap after GC invocations=8 (full 2):
 PSYoungGen      total 140800K, used 0K [0x000000076b600000, 0x0000000774a00000, 0x00000007c0000000)
  eden space 130048K, 0% used [0x000000076b600000,0x000000076b600000,0x0000000773500000)
  from space 10752K, 0% used [0x0000000773f80000,0x0000000773f80000,0x0000000774a00000)
  to   space 10752K, 0% used [0x0000000773500000,0x0000000773500000,0x0000000773f80000)
 ParOldGen       total 173568K, used 151794K [0x00000006c2200000, 0x00000006ccb80000, 0x000000076b600000)
  object space 173568K, 87% used [0x00000006c2200000,0x00000006cb63c998,0x00000006ccb80000)
 Metaspace       used 11303K, capacity 11548K, committed 11776K, reserved 1058816K
  class space    used 1323K, capacity 1410K, committed 1536K, reserved 1048576K
}
Event: 3.728 GC heap before
{Heap before GC invocations=9 (full 3):
 PSYoungGen      total 140800K, used 130048K [0x000000076b600000, 0x0000000774a00000, 0x00000007c0000000)
  eden space 130048K, 100% used [0x000000076b600000,0x0000000773500000,0x0000000773500000)
  from space 10752K, 0% used [0x0000000773f80000,0x0000000773f80000,0x0000000774a00000)
  to   space 10752K, 0% used [0x0000000773500000,0x0000000773500000,0x0000000773f80000)
 ParOldGen       total 173568K, used 151794K [0x00000006c2200000, 0x00000006ccb80000, 0x000000076b600000)
  object space 173568K, 87% used [0x00000006c2200000,0x00000006cb63c998,0x00000006ccb80000)
 Metaspace       used 11334K, capacity 11548K, committed 11776K, reserved 1058816K
  class space    used 1323K, capacity 1410K, committed 1536K, reserved 1048576K
Event: 3.754 GC heap after
Heap after GC invocations=9 (full 3):
 PSYoungGen      total 140800K, used 0K [0x000000076b600000, 0x0000000774a00000, 0x00000007c0000000)
  eden space 130048K, 0% used [0x000000076b600000,0x000000076b600000,0x0000000773500000)
  from space 10752K, 0% used [0x0000000773f80000,0x0000000773f80000,0x0000000774a00000)
  to   space 10752K, 0% used [0x0000000773500000,0x0000000773500000,0x0000000773f80000)
 ParOldGen       total 173568K, used 74737K [0x00000006c2200000, 0x00000006ccb80000, 0x000000076b600000)
  object space 173568K, 43% used [0x00000006c2200000,0x00000006c6afc738,0x00000006ccb80000)
 Metaspace       used 11334K, capacity 11548K, committed 11776K, reserved 1058816K
  class space    used 1323K, capacity 1410K, committed 1536K, reserved 1048576K
}

